Sep-21 08:38:17.509 [main] DEBUG nextflow.cli.Launcher - $> nextflow run main.nf
Sep-21 08:38:17.550 [main] INFO  nextflow.cli.CmdRun - N E X T F L O W  ~  version 22.04.5
Sep-21 08:38:17.564 [main] DEBUG nextflow.config.ConfigBuilder - Found config local: /home/fanshiyu/projects/stpp/nextflow.config
Sep-21 08:38:17.564 [main] DEBUG nextflow.config.ConfigBuilder - Parsing config file: /home/fanshiyu/projects/stpp/nextflow.config
Sep-21 08:38:17.578 [main] DEBUG nextflow.config.ConfigBuilder - Applying config profile: `standard`
Sep-21 08:38:18.244 [main] DEBUG nextflow.cli.CmdRun - Applied DSL=2 from script declararion
Sep-21 08:38:18.257 [main] INFO  nextflow.cli.CmdRun - Launching `main.nf` [exotic_gautier] DSL2 - revision: 7cfaec4898
Sep-21 08:38:18.268 [main] DEBUG nextflow.plugin.PluginsFacade - Setting up plugin manager > mode=prod; plugins-dir=/home/fanshiyu/.nextflow/plugins; core-plugins: nf-amazon@1.7.2,nf-azure@0.13.2,nf-console@1.0.3,nf-ga4gh@1.0.3,nf-google@1.1.4,nf-sqldb@0.4.0,nf-tower@1.4.0
Sep-21 08:38:18.269 [main] DEBUG nextflow.plugin.PluginsFacade - Plugins default=[]
Sep-21 08:38:18.277 [main] INFO  org.pf4j.DefaultPluginStatusProvider - Enabled plugins: []
Sep-21 08:38:18.278 [main] INFO  org.pf4j.DefaultPluginStatusProvider - Disabled plugins: []
Sep-21 08:38:18.281 [main] INFO  org.pf4j.DefaultPluginManager - PF4J version 3.4.1 in 'deployment' mode
Sep-21 08:38:18.288 [main] INFO  org.pf4j.AbstractPluginManager - No plugins
Sep-21 08:38:18.329 [main] DEBUG nextflow.Session - Session uuid: 25a1f35d-abae-475c-a925-14a7bf1ea0dc
Sep-21 08:38:18.329 [main] DEBUG nextflow.Session - Run name: exotic_gautier
Sep-21 08:38:18.330 [main] DEBUG nextflow.Session - Executor pool size: 16
Sep-21 08:38:18.355 [main] DEBUG nextflow.cli.CmdRun - 
  Version: 22.04.5 build 5708
  Created: 15-07-2022 16:09 UTC 
  System: Linux 5.4.0-125-generic
  Runtime: Groovy 3.0.10 on OpenJDK 64-Bit Server VM 11.0.16+8-post-Ubuntu-0ubuntu120.04
  Encoding: UTF-8 (UTF-8)
  Process: 580377@gy-app02 [127.0.1.1]
  CPUs: 16 - Mem: 31.4 GB (5.3 GB) - Swap: 8 GB (7.9 GB)
Sep-21 08:38:18.375 [main] DEBUG nextflow.Session - Work-dir: /data/nextflow_work [ext2/ext3]
Sep-21 08:38:18.375 [main] DEBUG nextflow.Session - Script base path does not exist or is not a directory: /home/fanshiyu/projects/stpp/bin
Sep-21 08:38:18.382 [main] DEBUG nextflow.executor.ExecutorFactory - Extension executors providers=[]
Sep-21 08:38:18.391 [main] DEBUG nextflow.Session - Observer factory: DefaultObserverFactory
Sep-21 08:38:18.453 [main] DEBUG nextflow.cache.CacheFactory - Using Nextflow cache factory: nextflow.cache.DefaultCacheFactory
Sep-21 08:38:18.462 [main] DEBUG nextflow.util.CustomThreadPool - Creating default thread pool > poolSize: 17; maxThreads: 1000
Sep-21 08:38:18.512 [main] DEBUG nextflow.Session - Session start invoked
Sep-21 08:38:18.515 [main] DEBUG nextflow.trace.TraceFileObserver - Flow starting -- trace file: /home/fanshiyu/projects/stpp/results/pipeline_info/execution_trace_2022-09-21_08-38-18.txt
Sep-21 08:38:18.676 [main] DEBUG nextflow.script.ScriptRunner - > Launching execution
Sep-21 08:38:18.687 [main] DEBUG nextflow.Session - Session aborted -- Cause: No such property: WorkflowMain for class: Script_e8ac6020
Sep-21 08:38:18.700 [main] ERROR nextflow.cli.Launcher - @unknown
groovy.lang.MissingPropertyException: No such property: WorkflowMain for class: Script_e8ac6020
	at org.codehaus.groovy.runtime.ScriptBytecodeAdapter.unwrap(ScriptBytecodeAdapter.java:65)
	at org.codehaus.groovy.runtime.callsite.PogoGetPropertySite.getProperty(PogoGetPropertySite.java:51)
	at org.codehaus.groovy.runtime.callsite.AbstractCallSite.callGroovyObjectGetProperty(AbstractCallSite.java:341)
	at Script_e8ac6020.runScript(Script_e8ac6020:18)
	at nextflow.script.BaseScript.runDsl2(BaseScript.groovy:170)
	at nextflow.script.BaseScript.run(BaseScript.groovy:217)
	at nextflow.script.ScriptParser.runScript(ScriptParser.groovy:220)
	at nextflow.script.ScriptRunner.run(ScriptRunner.groovy:212)
	at nextflow.script.ScriptRunner.execute(ScriptRunner.groovy:120)
	at nextflow.cli.CmdRun.run(CmdRun.groovy:337)
	at nextflow.cli.Launcher.run(Launcher.groovy:480)
	at nextflow.cli.Launcher.main(Launcher.groovy:639)
